Using pre-set license
Built from '2021.3/staging' branch; Version is '2021.3.11f1 (0a5ca18544bf) revision 679073'; Using compiler version '192829333'; Build Type 'Release'
OS: 'Windows 11  (10.0.22621) 64bit CoreSingleLanguage' Language: 'en' Physical Memory: 16221 MB
BatchMode: 1, IsHumanControllingUs: 0, StartBugReporterOnCrash: 0, Is64bit: 1, IsPro: 1

COMMAND LINE ARGUMENTS:
C:\Program Files\Unity\Hub\Editor\2021.3.11f1\Editor\Unity.exe
-adb2
-batchMode
-noUpm
-name
AssetImportWorker2
-projectPath
C:/Users/andru/OneDrive/Documents/GitHub/Slime-Devil/Slime Devil
-logFile
Logs/AssetImportWorker2.log
-srvPort
54181
Successfully changed project path to: C:/Users/andru/OneDrive/Documents/GitHub/Slime-Devil/Slime Devil
C:/Users/andru/OneDrive/Documents/GitHub/Slime-Devil/Slime Devil
[UnityMemory] Configuration Parameters - Can be set up in boot.config
    "memorysetup-bucket-allocator-granularity=16"
    "memorysetup-bucket-allocator-bucket-count=8"
    "memorysetup-bucket-allocator-block-size=33554432"
    "memorysetup-bucket-allocator-block-count=8"
    "memorysetup-main-allocator-block-size=16777216"
    "memorysetup-thread-allocator-block-size=16777216"
    "memorysetup-gfx-main-allocator-block-size=16777216"
    "memorysetup-gfx-thread-allocator-block-size=16777216"
    "memorysetup-cache-allocator-block-size=4194304"
    "memorysetup-typetree-allocator-block-size=2097152"
    "memorysetup-profiler-bucket-allocator-granularity=16"
    "memorysetup-profiler-bucket-allocator-bucket-count=8"
    "memorysetup-profiler-bucket-allocator-block-size=33554432"
    "memorysetup-profiler-bucket-allocator-block-count=8"
    "memorysetup-profiler-allocator-block-size=16777216"
    "memorysetup-profiler-editor-allocator-block-size=1048576"
    "memorysetup-temp-allocator-size-main=16777216"
    "memorysetup-job-temp-allocator-block-size=2097152"
    "memorysetup-job-temp-allocator-block-size-background=1048576"
    "memorysetup-job-temp-allocator-reduction-small-platforms=262144"
    "memorysetup-temp-allocator-size-background-worker=32768"
    "memorysetup-temp-allocator-size-job-worker=262144"
    "memorysetup-temp-allocator-size-preload-manager=33554432"
    "memorysetup-temp-allocator-size-nav-mesh-worker=65536"
    "memorysetup-temp-allocator-size-audio-worker=65536"
    "memorysetup-temp-allocator-size-cloud-worker=32768"
    "memorysetup-temp-allocator-size-gi-baking-worker=262144"
    "memorysetup-temp-allocator-size-gfx=262144"
Refreshing native plugins compatible for Editor in 51.50 ms, found 3 plugins.
Preloading 0 native plugins for Editor in 0.00 ms.
Initialize engine version: 2021.3.11f1 (0a5ca18544bf)
[Subsystems] Discovering subsystems at path C:/Program Files/Unity/Hub/Editor/2021.3.11f1/Editor/Data/Resources/UnitySubsystems
[Subsystems] Discovering subsystems at path C:/Users/andru/OneDrive/Documents/GitHub/Slime-Devil/Slime Devil/Assets
GfxDevice: creating device client; threaded=0; jobified=0
Direct3D:
    Version:  Direct3D 11.0 [level 11.1]
    Renderer: NVIDIA GeForce GTX 1650 (ID=0x1f91)
    Vendor:   NVIDIA
    VRAM:     3962 MB
    Driver:   31.0.15.1748
Initialize mono
Mono path[0] = 'C:/Program Files/Unity/Hub/Editor/2021.3.11f1/Editor/Data/Managed'
Mono path[1] = 'C:/Program Files/Unity/Hub/Editor/2021.3.11f1/Editor/Data/MonoBleedingEdge/lib/mono/unityjit-win32'
Mono config path = 'C:/Program Files/Unity/Hub/Editor/2021.3.11f1/Editor/Data/MonoBleedingEdge/etc'
Using monoOptions --debugger-agent=transport=dt_socket,embedding=1,server=y,suspend=n,address=127.0.0.1:56140
Begin MonoManager ReloadAssembly
Registering precompiled unity dll's ...
Register platform support module: C:/Program Files/Unity/Hub/Editor/2021.3.11f1/Editor/Data/PlaybackEngines/WebGLSupport/UnityEditor.WebGL.Extensions.dll
Register platform support module: C:/Program Files/Unity/Hub/Editor/2021.3.11f1/Editor/Data/PlaybackEngines/WindowsStandaloneSupport/UnityEditor.WindowsStandalone.Extensions.dll
Registered in 0.008529 seconds.
Native extension for WindowsStandalone target not found
Native extension for WebGL target not found
Refreshing native plugins compatible for Editor in 60.81 ms, found 3 plugins.
Preloading 0 native plugins for Editor in 0.00 ms.
Mono: successfully reloaded assembly
- Completed reload, in  0.905 seconds
Domain Reload Profiling:
	ReloadAssembly (905ms)
		BeginReloadAssembly (119ms)
			ExecutionOrderSort (0ms)
			DisableScriptedObjects (0ms)
			BackupInstance (0ms)
			ReleaseScriptingObjects (0ms)
			CreateAndSetChildDomain (1ms)
		EndReloadAssembly (611ms)
			LoadAssemblies (117ms)
			RebuildTransferFunctionScriptingTraits (0ms)
			SetupTypeCache (178ms)
			ReleaseScriptCaches (0ms)
			RebuildScriptCaches (44ms)
			SetupLoadedEditorAssemblies (322ms)
				LogAssemblyErrors (0ms)
				InitializePlatformSupportModulesInManaged (12ms)
				SetLoadedEditorAssemblies (0ms)
				RefreshPlugins (61ms)
				BeforeProcessingInitializeOnLoad (1ms)
				ProcessInitializeOnLoadAttributes (188ms)
				ProcessInitializeOnLoadMethodAttributes (59ms)
				AfterProcessingInitializeOnLoad (0ms)
				EditorAssembliesLoaded (0ms)
			ExecutionOrderSort2 (0ms)
			AwakeInstancesAfterBackupRestoration (0ms)
Platform modules already initialized, skipping
Registering precompiled user dll's ...
Registered in 0.006107 seconds.
Begin MonoManager ReloadAssembly
Native extension for WindowsStandalone target not found
Native extension for WebGL target not found
Refreshing native plugins compatible for Editor in 45.46 ms, found 3 plugins.
Preloading 0 native plugins for Editor in 0.00 ms.
Mono: successfully reloaded assembly
- Completed reload, in  1.402 seconds
Domain Reload Profiling:
	ReloadAssembly (1403ms)
		BeginReloadAssembly (150ms)
			ExecutionOrderSort (0ms)
			DisableScriptedObjects (6ms)
			BackupInstance (0ms)
			ReleaseScriptingObjects (0ms)
			CreateAndSetChildDomain (27ms)
		EndReloadAssembly (1108ms)
			LoadAssemblies (101ms)
			RebuildTransferFunctionScriptingTraits (0ms)
			SetupTypeCache (407ms)
			ReleaseScriptCaches (1ms)
			RebuildScriptCaches (57ms)
			SetupLoadedEditorAssemblies (495ms)
				LogAssemblyErrors (0ms)
				InitializePlatformSupportModulesInManaged (6ms)
				SetLoadedEditorAssemblies (0ms)
				RefreshPlugins (46ms)
				BeforeProcessingInitializeOnLoad (81ms)
				ProcessInitializeOnLoadAttributes (297ms)
				ProcessInitializeOnLoadMethodAttributes (58ms)
				AfterProcessingInitializeOnLoad (7ms)
				EditorAssembliesLoaded (0ms)
			ExecutionOrderSort2 (0ms)
			AwakeInstancesAfterBackupRestoration (8ms)
Platform modules already initialized, skipping
========================================================================
Worker process is ready to serve import requests
Launched and connected shader compiler UnityShaderCompiler.exe after 0.09 seconds
Refreshing native plugins compatible for Editor in 0.98 ms, found 3 plugins.
Preloading 0 native plugins for Editor in 0.00 ms.
Unloading 2543 Unused Serialized files (Serialized files now loaded: 0)
Unloading 33 unused Assets / (56.5 KB). Loaded Objects now: 3006.
Memory consumption went from 113.3 MB to 113.3 MB.
Total: 3.463700 ms (FindLiveObjects: 0.236600 ms CreateObjectMapping: 0.174700 ms MarkObjects: 2.973700 ms  DeleteObjects: 0.077600 ms)

AssetImportParameters requested are different than current active one (requested -> active):
  custom:video-decoder-ogg-theora: a1e56fd34408186e4bbccfd4996cb3dc -> 
  custom:container-muxer-webm: aa71ff27fc2769a1b78a27578f13a17b -> 
  custom:container-demuxer-webm: 4f35f7cbe854078d1ac9338744f61a02 -> 
  custom:video-encoder-webm-vp8: eb34c28f22e8b96e1ab97ce403110664 -> 
  custom:audio-encoder-webm-vorbis: bf7c407c2cedff20999df2af8eb42d56 -> 
  custom:framework-win-MediaFoundation: 216162199b28c13a410421893ffa2e32 -> 
  custom:container-demuxer-ogg: 62fdf1f143b41e24485cea50d1cbac27 -> 
  custom:video-decoder-webm-vp8: 9c59270c3fd7afecdb556c50c9e8de78 -> 
  custom:audio-decoder-ogg-vorbis: bf7c407c2cedff20999df2af8eb42d56 -> 
========================================================================
Received Import Request.
  Time since last request: 117898.075789 seconds.
  path: Assets/2799077.png
  artifactKey: Guid(2a3a35c8735606d448c93cb151287e94) Importer(815301076,1909f56bfc062723c751e8b465ee728b)
Start importing Assets/2799077.png using Guid(2a3a35c8735606d448c93cb151287e94) Importer(815301076,1909f56bfc062723c751e8b465ee728b)  -> (artifact id: '45fa34667483a27ecb55f1b0489f149e') in 0.203485 seconds 
========================================================================
Received Import Request.
  Time since last request: 0.000123 seconds.
  path: Assets/Foods.physicsMaterial2D
  artifactKey: Guid(0cf5c2a01fd8dc849b3b4b5de8676532) Importer(815301076,1909f56bfc062723c751e8b465ee728b)
Start importing Assets/Foods.physicsMaterial2D using Guid(0cf5c2a01fd8dc849b3b4b5de8676532) Importer(815301076,1909f56bfc062723c751e8b465ee728b)  -> (artifact id: '27b43d2c876b08cb7dd8601d2869ddee') in 0.015734 seconds 
========================================================================
Received Import Request.
  Time since last request: 0.000051 seconds.
  path: Assets/ball.physicsMaterial2D
  artifactKey: Guid(19e4f0351ce9e974c8cf475cbc6f879c) Importer(815301076,1909f56bfc062723c751e8b465ee728b)
Start importing Assets/ball.physicsMaterial2D using Guid(19e4f0351ce9e974c8cf475cbc6f879c) Importer(815301076,1909f56bfc062723c751e8b465ee728b)  -> (artifact id: 'cd3a683e243370d51ba09c2e8e99e01f') in 0.010739 seconds 
========================================================================
Received Import Request.
  Time since last request: 0.000034 seconds.
  path: Assets/coins.png
  artifactKey: Guid(bf9bf4f324089904d9fbd17bd13a762e) Importer(815301076,1909f56bfc062723c751e8b465ee728b)
Start importing Assets/coins.png using Guid(bf9bf4f324089904d9fbd17bd13a762e) Importer(815301076,1909f56bfc062723c751e8b465ee728b)  -> (artifact id: '6d79bd4e1ac704e65b2350a9e4299ac3') in 0.087053 seconds 
========================================================================
Received Import Request.
  Time since last request: 2.048798 seconds.
  path: Assets/New Physics Material 2D.physicsMaterial2D
  artifactKey: Guid(45e603496ae5b4c4bb1da041d0e66bec) Importer(815301076,1909f56bfc062723c751e8b465ee728b)
Start importing Assets/New Physics Material 2D.physicsMaterial2D using Guid(45e603496ae5b4c4bb1da041d0e66bec) Importer(815301076,1909f56bfc062723c751e8b465ee728b)  -> (artifact id: '6a6140433c355cb786ab6c3a05d1f5d8') in 0.012041 seconds 
========================================================================
Received Import Request.
  Time since last request: 0.000046 seconds.
  path: Assets/pumpkins.png
  artifactKey: Guid(3f4e25b37adf26745bcfa5a2d73c6520) Importer(815301076,1909f56bfc062723c751e8b465ee728b)
Start importing Assets/pumpkins.png using Guid(3f4e25b37adf26745bcfa5a2d73c6520) Importer(815301076,1909f56bfc062723c751e8b465ee728b)  -> (artifact id: '5c35cf258c0119b5a0f5e70d493f729a') in 0.106632 seconds 
========================================================================
Received Import Request.
  Time since last request: 0.000028 seconds.
  path: Assets/water.png
  artifactKey: Guid(ca2ecd314f5852e4d86f4f5fd21d6585) Importer(815301076,1909f56bfc062723c751e8b465ee728b)
Start importing Assets/water.png using Guid(ca2ecd314f5852e4d86f4f5fd21d6585) Importer(815301076,1909f56bfc062723c751e8b465ee728b)  -> (artifact id: 'b9855ec72f192c7a489cb7ec9dfdf985') in 0.087293 seconds 
========================================================================
Received Import Request.
  Time since last request: 0.000033 seconds.
  path: Assets/pumpkins3.png
  artifactKey: Guid(894e13ac3f06fa74f92ff7c177700dde) Importer(815301076,1909f56bfc062723c751e8b465ee728b)
Start importing Assets/pumpkins3.png using Guid(894e13ac3f06fa74f92ff7c177700dde) Importer(815301076,1909f56bfc062723c751e8b465ee728b)  -> (artifact id: 'b82ca12decdc1a99309358d8bbbdd683') in 0.078911 seconds 
========================================================================
Received Import Request.
  Time since last request: 0.000022 seconds.
  path: Assets/slime.physicsMaterial2D
  artifactKey: Guid(47b8bb0e5b2a2bf46aee162e4bdc6cc4) Importer(815301076,1909f56bfc062723c751e8b465ee728b)
Start importing Assets/slime.physicsMaterial2D using Guid(47b8bb0e5b2a2bf46aee162e4bdc6cc4) Importer(815301076,1909f56bfc062723c751e8b465ee728b)  -> (artifact id: '13b8d698f979864daee143955f7dce9e') in 0.007067 seconds 
========================================================================
Received Import Request.
  Time since last request: 0.000022 seconds.
  path: Assets/y2mate.com - Happy Halloween BGM No Copyright.mp3
  artifactKey: Guid(18aab3452e17cf744837d00e60bd3ac9) Importer(815301076,1909f56bfc062723c751e8b465ee728b)
Start importing Assets/y2mate.com - Happy Halloween BGM No Copyright.mp3 using Guid(18aab3452e17cf744837d00e60bd3ac9) Importer(815301076,1909f56bfc062723c751e8b465ee728b)  -> (artifact id: '99497c1cc04beb7eeb8f9dbc8db20f5f') in 0.053440 seconds 
========================================================================
Received Prepare
Registering precompiled user dll's ...
Registered in 0.005622 seconds.
Begin MonoManager ReloadAssembly
Native extension for WindowsStandalone target not found
Native extension for WebGL target not found
Refreshing native plugins compatible for Editor in 0.62 ms, found 3 plugins.
Preloading 0 native plugins for Editor in 0.00 ms.
Mono: successfully reloaded assembly
- Completed reload, in  1.247 seconds
Domain Reload Profiling:
	ReloadAssembly (1248ms)
		BeginReloadAssembly (159ms)
			ExecutionOrderSort (0ms)
			DisableScriptedObjects (8ms)
			BackupInstance (0ms)
			ReleaseScriptingObjects (0ms)
			CreateAndSetChildDomain (41ms)
		EndReloadAssembly (972ms)
			LoadAssemblies (102ms)
			RebuildTransferFunctionScriptingTraits (0ms)
			SetupTypeCache (286ms)
			ReleaseScriptCaches (1ms)
			RebuildScriptCaches (57ms)
			SetupLoadedEditorAssemblies (471ms)
				LogAssemblyErrors (0ms)
				InitializePlatformSupportModulesInManaged (16ms)
				SetLoadedEditorAssemblies (1ms)
				RefreshPlugins (1ms)
				BeforeProcessingInitializeOnLoad (70ms)
				ProcessInitializeOnLoadAttributes (312ms)
				ProcessInitializeOnLoadMethodAttributes (63ms)
				AfterProcessingInitializeOnLoad (9ms)
				EditorAssembliesLoaded (0ms)
			ExecutionOrderSort2 (0ms)
			AwakeInstancesAfterBackupRestoration (15ms)
Platform modules already initialized, skipping
Refreshing native plugins compatible for Editor in 4.44 ms, found 3 plugins.
Preloading 0 native plugins for Editor in 0.00 ms.
Unloading 2519 Unused Serialized files (Serialized files now loaded: 0)
Unloading 20 unused Assets / (24.7 KB). Loaded Objects now: 3025.
Memory consumption went from 115.2 MB to 115.2 MB.
Total: 6.573600 ms (FindLiveObjects: 0.292500 ms CreateObjectMapping: 0.258000 ms MarkObjects: 5.993700 ms  DeleteObjects: 0.027900 ms)

AssetImportParameters requested are different than current active one (requested -> active):
  custom:video-decoder-ogg-theora: a1e56fd34408186e4bbccfd4996cb3dc -> 
  custom:container-muxer-webm: aa71ff27fc2769a1b78a27578f13a17b -> 
  custom:container-demuxer-webm: 4f35f7cbe854078d1ac9338744f61a02 -> 
  custom:video-encoder-webm-vp8: eb34c28f22e8b96e1ab97ce403110664 -> 
  custom:audio-encoder-webm-vorbis: bf7c407c2cedff20999df2af8eb42d56 -> 
  custom:framework-win-MediaFoundation: 216162199b28c13a410421893ffa2e32 -> 
  custom:container-demuxer-ogg: 62fdf1f143b41e24485cea50d1cbac27 -> 
  custom:video-decoder-webm-vp8: 9c59270c3fd7afecdb556c50c9e8de78 -> 
  custom:audio-decoder-ogg-vorbis: bf7c407c2cedff20999df2af8eb42d56 -> 
========================================================================
Received Import Request.
  Time since last request: 22.043469 seconds.
  path: Assets/Scenes
  artifactKey: Guid(131a6b21c8605f84396be9f6751fb6e3) Importer(815301076,1909f56bfc062723c751e8b465ee728b)
Start importing Assets/Scenes using Guid(131a6b21c8605f84396be9f6751fb6e3) Importer(815301076,1909f56bfc062723c751e8b465ee728b)  -> (artifact id: '2c23e514d24f6b65fe96946cd87fc526') in 0.008320 seconds 
========================================================================
Received Import Request.
  Time since last request: 0.027036 seconds.
  path: Assets/Scenes/CenterPoint.prefab
  artifactKey: Guid(cbb13af7a176ecd47ad48d3728903127) Importer(815301076,1909f56bfc062723c751e8b465ee728b)
Start importing Assets/Scenes/CenterPoint.prefab using Guid(cbb13af7a176ecd47ad48d3728903127) Importer(815301076,1909f56bfc062723c751e8b465ee728b)  -> (artifact id: '909b9b5dc95f945f1920662def2a2f0f') in 0.086123 seconds 
========================================================================
Received Import Request.
  Time since last request: 15.653212 seconds.
  path: Assets/toys/ball.prefab
  artifactKey: Guid(e187db6d8ad2e1e4f9f96d08106cfff5) Importer(815301076,1909f56bfc062723c751e8b465ee728b)
Start importing Assets/toys/ball.prefab using Guid(e187db6d8ad2e1e4f9f96d08106cfff5) Importer(815301076,1909f56bfc062723c751e8b465ee728b)  -> (artifact id: '798070c2dedfc015e4fcc29b7d09a39c') in 0.013834 seconds 
========================================================================
Received Import Request.
  Time since last request: 2.288022 seconds.
  path: Assets/Foods/9844.png
  artifactKey: Guid(3fffa7d8fe381634bb39931bd4cfd349) Importer(815301076,1909f56bfc062723c751e8b465ee728b)
Start importing Assets/Foods/9844.png using Guid(3fffa7d8fe381634bb39931bd4cfd349) Importer(815301076,1909f56bfc062723c751e8b465ee728b)  -> (artifact id: '8b5512f0b3a2f03fdabf557aea035d0b') in 0.093742 seconds 
========================================================================
Received Import Request.
  Time since last request: 0.000025 seconds.
  path: Assets/Foods/Hot Chocolate.prefab
  artifactKey: Guid(90f644a46cf18344cbb9c24a3b530fa5) Importer(815301076,1909f56bfc062723c751e8b465ee728b)
Start importing Assets/Foods/Hot Chocolate.prefab using Guid(90f644a46cf18344cbb9c24a3b530fa5) Importer(815301076,1909f56bfc062723c751e8b465ee728b)  -> (artifact id: 'ee6839d7104d67dc3a1c674c06ae2e26') in 0.061828 seconds 
========================================================================
Received Import Request.
  Time since last request: 0.000031 seconds.
  path: Assets/Foods/smoothies.prefab
  artifactKey: Guid(a7a37ad9797839042a77434add004789) Importer(815301076,1909f56bfc062723c751e8b465ee728b)
Start importing Assets/Foods/smoothies.prefab using Guid(a7a37ad9797839042a77434add004789) Importer(815301076,1909f56bfc062723c751e8b465ee728b)  -> (artifact id: 'f1dd4baf4aaba3f273ff14e8a9c042ff') in 0.019949 seconds 
========================================================================
Received Import Request.
  Time since last request: 0.000025 seconds.
  path: Assets/Foods/milk.png
  artifactKey: Guid(6981b6311b1f5664bb7a6d6715be6717) Importer(815301076,1909f56bfc062723c751e8b465ee728b)
Start importing Assets/Foods/milk.png using Guid(6981b6311b1f5664bb7a6d6715be6717) Importer(815301076,1909f56bfc062723c751e8b465ee728b)  -> (artifact id: 'ba1382d1a31297cf7313b48c9eb54559') in 0.329409 seconds 
========================================================================
Received Prepare
Registering precompiled user dll's ...
Registered in 0.005457 seconds.
Begin MonoManager ReloadAssembly
Native extension for WindowsStandalone target not found
Native extension for WebGL target not found
Refreshing native plugins compatible for Editor in 1.23 ms, found 3 plugins.
Preloading 0 native plugins for Editor in 0.00 ms.
Mono: successfully reloaded assembly
- Completed reload, in  1.220 seconds
Domain Reload Profiling:
	ReloadAssembly (1221ms)
		BeginReloadAssembly (152ms)
			ExecutionOrderSort (0ms)
			DisableScriptedObjects (6ms)
			BackupInstance (0ms)
			ReleaseScriptingObjects (0ms)
			CreateAndSetChildDomain (43ms)
		EndReloadAssembly (957ms)
			LoadAssemblies (97ms)
			RebuildTransferFunctionScriptingTraits (0ms)
			SetupTypeCache (232ms)
			ReleaseScriptCaches (1ms)
			RebuildScriptCaches (45ms)
			SetupLoadedEditorAssemblies (518ms)
				LogAssemblyErrors (0ms)
				InitializePlatformSupportModulesInManaged (22ms)
				SetLoadedEditorAssemblies (1ms)
				RefreshPlugins (1ms)
				BeforeProcessingInitializeOnLoad (93ms)
				ProcessInitializeOnLoadAttributes (332ms)
				ProcessInitializeOnLoadMethodAttributes (60ms)
				AfterProcessingInitializeOnLoad (9ms)
				EditorAssembliesLoaded (0ms)
			ExecutionOrderSort2 (0ms)
			AwakeInstancesAfterBackupRestoration (14ms)
Platform modules already initialized, skipping
Refreshing native plugins compatible for Editor in 3.21 ms, found 3 plugins.
Preloading 0 native plugins for Editor in 0.00 ms.
Unloading 2519 Unused Serialized files (Serialized files now loaded: 0)
Unloading 20 unused Assets / (24.6 KB). Loaded Objects now: 3033.
Memory consumption went from 115.3 MB to 115.2 MB.
Total: 5.848100 ms (FindLiveObjects: 0.439900 ms CreateObjectMapping: 0.291800 ms MarkObjects: 5.075300 ms  DeleteObjects: 0.037400 ms)

AssetImportParameters requested are different than current active one (requested -> active):
  custom:video-decoder-ogg-theora: a1e56fd34408186e4bbccfd4996cb3dc -> 
  custom:container-muxer-webm: aa71ff27fc2769a1b78a27578f13a17b -> 
  custom:container-demuxer-webm: 4f35f7cbe854078d1ac9338744f61a02 -> 
  custom:video-encoder-webm-vp8: eb34c28f22e8b96e1ab97ce403110664 -> 
  custom:audio-encoder-webm-vorbis: bf7c407c2cedff20999df2af8eb42d56 -> 
  custom:framework-win-MediaFoundation: 216162199b28c13a410421893ffa2e32 -> 
  custom:container-demuxer-ogg: 62fdf1f143b41e24485cea50d1cbac27 -> 
  custom:video-decoder-webm-vp8: 9c59270c3fd7afecdb556c50c9e8de78 -> 
  custom:audio-decoder-ogg-vorbis: bf7c407c2cedff20999df2af8eb42d56 -> 
========================================================================
Received Import Request.
  Time since last request: 57.145139 seconds.
  path: Assets/Scenes/MiniGames/FlyingDevil
  artifactKey: Guid(b56e2451566bb864d816689dce01c363) Importer(815301076,1909f56bfc062723c751e8b465ee728b)
Start importing Assets/Scenes/MiniGames/FlyingDevil using Guid(b56e2451566bb864d816689dce01c363) Importer(815301076,1909f56bfc062723c751e8b465ee728b)  -> (artifact id: '9ae09e24db4373e03e47052ebf41f994') in 0.010973 seconds 
========================================================================
Received Import Request.
  Time since last request: 0.052473 seconds.
  path: Assets/Scenes/MiniGames/FlyingDevil/coins.prefab
  artifactKey: Guid(c8e542085937023498a721e5a47ba690) Importer(815301076,1909f56bfc062723c751e8b465ee728b)
Start importing Assets/Scenes/MiniGames/FlyingDevil/coins.prefab using Guid(c8e542085937023498a721e5a47ba690) Importer(815301076,1909f56bfc062723c751e8b465ee728b)  -> (artifact id: '51f4144dc393d91760a153c0f0de1626') in 0.067043 seconds 
========================================================================
Received Import Request.
  Time since last request: 0.000016 seconds.
  path: Assets/Scenes/MiniGames/FlyingDevil/PerituneMaterial_Spook.mp3
  artifactKey: Guid(2452942fb6bc81f499a7d9c36c61b94a) Importer(815301076,1909f56bfc062723c751e8b465ee728b)
Start importing Assets/Scenes/MiniGames/FlyingDevil/PerituneMaterial_Spook.mp3 using Guid(2452942fb6bc81f499a7d9c36c61b94a) Importer(815301076,1909f56bfc062723c751e8b465ee728b)  -> (artifact id: '5a6efb1f446b23c6ea9d3db6653be3bc') in 0.026153 seconds 
========================================================================
Received Import Request.
  Time since last request: 0.000017 seconds.
  path: Assets/Scenes/MiniGames/FlyingDevil/ghost.prefab
  artifactKey: Guid(608f78714a266f84997a4a1255925172) Importer(815301076,1909f56bfc062723c751e8b465ee728b)
Start importing Assets/Scenes/MiniGames/FlyingDevil/ghost.prefab using Guid(608f78714a266f84997a4a1255925172) Importer(815301076,1909f56bfc062723c751e8b465ee728b)  -> (artifact id: '46ba604c1bf038b672113a3d6bb6da82') in 0.018167 seconds 
========================================================================
Received Import Request.
  Time since last request: 0.000039 seconds.
  path: Assets/Scenes/MiniGames/FlyingDevil/RESTART.png
  artifactKey: Guid(3a02aa7d36dac014abeb1dcefe340188) Importer(815301076,1909f56bfc062723c751e8b465ee728b)
Start importing Assets/Scenes/MiniGames/FlyingDevil/RESTART.png using Guid(3a02aa7d36dac014abeb1dcefe340188) Importer(815301076,1909f56bfc062723c751e8b465ee728b)  -> (artifact id: 'd8ffb8b3c4fb5920fe9f9a7932b4151b') in 0.084300 seconds 
Editor requested this worker to shutdown with reason: Scaling down because of idle timeout
AssetImportWorker is now disconnected from the server
Process exiting
Exiting without the bug reporter. Application will terminate with return code 0